2023-02-04 12:28:27.4476||ERROR|Program|Stopped program because of exception Microsoft.Extensions.Hosting.HostFactoryResolver+HostingListener+HostAbortedException: Exception of type 'Microsoft.Extensions.Hosting.HostFactoryResolver+HostingListener+HostAbortedException' was thrown.
   at Microsoft.Extensions.Hosting.HostFactoryResolver.HostingListener.ThrowHostAborted()
   at Microsoft.Extensions.Hosting.HostFactoryResolver.HostingListener.OnNext(KeyValuePair`2 value)
   at System.Diagnostics.DiagnosticListener.Write(String name, Object value)
   at Microsoft.Extensions.Hosting.HostBuilder.Build()
   at Microsoft.AspNetCore.Builder.WebApplicationBuilder.Build()
   at Program.<Main>$(String[] args) in C:\Users\Putixo\Documents\Conectis\ConectisAPI\ConectisAPI\Program.cs:line 37
2023-02-04 12:29:31.5811||ERROR|Program|Stopped program because of exception Microsoft.Extensions.Hosting.HostFactoryResolver+HostingListener+HostAbortedException: Exception of type 'Microsoft.Extensions.Hosting.HostFactoryResolver+HostingListener+HostAbortedException' was thrown.
   at Microsoft.Extensions.Hosting.HostFactoryResolver.HostingListener.ThrowHostAborted()
   at Microsoft.Extensions.Hosting.HostFactoryResolver.HostingListener.OnNext(KeyValuePair`2 value)
   at System.Diagnostics.DiagnosticListener.Write(String name, Object value)
   at Microsoft.Extensions.Hosting.HostBuilder.Build()
   at Microsoft.AspNetCore.Builder.WebApplicationBuilder.Build()
   at Program.<Main>$(String[] args) in C:\Users\Putixo\Documents\Conectis\ConectisAPI\ConectisAPI\Program.cs:line 37
2023-02-04 12:35:22.5987||ERROR|Program|Stopped program because of exception Microsoft.Extensions.Hosting.HostFactoryResolver+HostingListener+HostAbortedException: Exception of type 'Microsoft.Extensions.Hosting.HostFactoryResolver+HostingListener+HostAbortedException' was thrown.
   at Microsoft.Extensions.Hosting.HostFactoryResolver.HostingListener.ThrowHostAborted()
   at Microsoft.Extensions.Hosting.HostFactoryResolver.HostingListener.OnNext(KeyValuePair`2 value)
   at System.Diagnostics.DiagnosticListener.Write(String name, Object value)
   at Microsoft.Extensions.Hosting.HostBuilder.Build()
   at Microsoft.AspNetCore.Builder.WebApplicationBuilder.Build()
   at Program.<Main>$(String[] args) in C:\Users\Putixo\Documents\Conectis\ConectisAPI\ConectisAPI\Program.cs:line 37
2023-02-04 12:37:18.1842||ERROR|Program|Stopped program because of exception Microsoft.Extensions.Hosting.HostFactoryResolver+HostingListener+HostAbortedException: Exception of type 'Microsoft.Extensions.Hosting.HostFactoryResolver+HostingListener+HostAbortedException' was thrown.
   at Microsoft.Extensions.Hosting.HostFactoryResolver.HostingListener.ThrowHostAborted()
   at Microsoft.Extensions.Hosting.HostFactoryResolver.HostingListener.OnNext(KeyValuePair`2 value)
   at System.Diagnostics.DiagnosticListener.Write(String name, Object value)
   at Microsoft.Extensions.Hosting.HostBuilder.Build()
   at Microsoft.AspNetCore.Builder.WebApplicationBuilder.Build()
   at Program.<Main>$(String[] args) in C:\Users\Putixo\Documents\Conectis\ConectisAPI\ConectisAPI\Program.cs:line 37
2023-02-04 12:37:59.9869||ERROR|Program|Stopped program because of exception Microsoft.Extensions.Hosting.HostFactoryResolver+HostingListener+HostAbortedException: Exception of type 'Microsoft.Extensions.Hosting.HostFactoryResolver+HostingListener+HostAbortedException' was thrown.
   at Microsoft.Extensions.Hosting.HostFactoryResolver.HostingListener.ThrowHostAborted()
   at Microsoft.Extensions.Hosting.HostFactoryResolver.HostingListener.OnNext(KeyValuePair`2 value)
   at System.Diagnostics.DiagnosticListener.Write(String name, Object value)
   at Microsoft.Extensions.Hosting.HostBuilder.Build()
   at Microsoft.AspNetCore.Builder.WebApplicationBuilder.Build()
   at Program.<Main>$(String[] args) in C:\Users\Putixo\Documents\Conectis\ConectisAPI\ConectisAPI\Program.cs:line 37
2023-02-04 12:38:53.3826||ERROR|Program|Stopped program because of exception Microsoft.Extensions.Hosting.HostFactoryResolver+HostingListener+HostAbortedException: Exception of type 'Microsoft.Extensions.Hosting.HostFactoryResolver+HostingListener+HostAbortedException' was thrown.
   at Microsoft.Extensions.Hosting.HostFactoryResolver.HostingListener.ThrowHostAborted()
   at Microsoft.Extensions.Hosting.HostFactoryResolver.HostingListener.OnNext(KeyValuePair`2 value)
   at System.Diagnostics.DiagnosticListener.Write(String name, Object value)
   at Microsoft.Extensions.Hosting.HostBuilder.Build()
   at Microsoft.AspNetCore.Builder.WebApplicationBuilder.Build()
   at Program.<Main>$(String[] args) in C:\Users\Putixo\Documents\Conectis\ConectisAPI\ConectisAPI\Program.cs:line 37
